Сборка начата 26.11.2023 00:09:35.
Уровень детализации журнала: Normal.     1>Проект "C:\лабы\Наркевич\5\lab_05_3\lab_05_3.vcxproj" в узле 2 (целевые объекты Build).
     1>InitializeBuildStatus:
         Создание "x64\Debug\lab_05_3.tlog\unsuccessfulbuild", так как было задано "AlwaysCreate".
         Обращение к "x64\Debug\lab_05_3.tlog\unsuccessfulbuild".
       ClCompile:
         C:\Program Files\Microsoft Visual Studio\2022\Community\VC\Tools\MSVC\14.37.32822\bin\HostX64\x64\CL.exe /c /ZI /JMC /nologo /W3 /WX- /diagnostics:column /sdl /Od /D _DEBUG /D _CONSOLE /D _UNICODE /D UNICODE /Gm- /EHsc /RTC1 /MDd /GS /fp:precise /Zc:wchar_t /Zc:forScope /Zc:inline /permissive- /Fo"x64\Debug\\" /Fd"x64\Debug\vc143.pdb" /external:W3 /Gd /TP /FC /errorReport:prompt lab_05_3.cpp
         lab_05_3.cpp
     1>C:\лабы\Наркевич\5\lab_05_3\lab_05_3.cpp(12,8): warning C4267: инициализация: преобразование из "size_t" в "int"; возможна потеря данных
       Link:
         C:\Program Files\Microsoft Visual Studio\2022\Community\VC\Tools\MSVC\14.37.32822\bin\HostX64\x64\link.exe /ERRORREPORT:PROMPT /OUT:"C:\лабы\Наркевич\5\Labb_05\x64\Debug\lab_05_3.exe" /INCREMENTAL /ILK:"x64\Debug\lab_05_3.ilk" /NOLOGO kernel32.lib user32.lib gdi32.lib winspool.lib comdlg32.lib advapi32.lib shell32.lib ole32.lib oleaut32.lib uuid.lib odbc32.lib odbccp32.lib /MANIFEST /MANIFESTUAC:"level='asInvoker' uiAccess='false'" /manifest:embed /DEBUG /PDB:"C:\лабы\Наркевич\5\Labb_05\x64\Debug\lab_05_3.pdb" /SUBSYSTEM:CONSOLE /TLBID:1 /DYNAMICBASE /NXCOMPAT /IMPLIB:"C:\лабы\Наркевич\5\Labb_05\x64\Debug\lab_05_3.lib" /MACHINE:X64 x64\Debug\lab_05_3.obj
         lab_05_3.vcxproj -> C:\лабы\Наркевич\5\Labb_05\x64\Debug\lab_05_3.exe
       FinalizeBuildStatus:
         Файл "x64\Debug\lab_05_3.tlog\unsuccessfulbuild" удаляется.
         Обращение к "x64\Debug\lab_05_3.tlog\lab_05_3.lastbuildstate".
     1>Сборка проекта "C:\лабы\Наркевич\5\lab_05_3\lab_05_3.vcxproj" завершена (целевые объекты Build).

Сборка успешно завершена.

       "C:\лабы\Наркевич\5\lab_05_3\lab_05_3.vcxproj" (целевой объект Build ) (1) ->
       (Целевой объект ClCompile) -> 
         C:\лабы\Наркевич\5\lab_05_3\lab_05_3.cpp(12,8): warning C4267: инициализация: преобразование из "size_t" в "int"; возможна потеря данных

    Предупреждений: 1
    Ошибок: 0

Прошло времени 00:00:00.75
