Сборка начата 04.10.2023 12:06:04.
Уровень детализации журнала: Normal.     1>Проект "C:\лабы\Наркевич\1\Helloworld\Helloworld\Helloworld.vcxproj" в узле 3 (целевые объекты Rebuild).
     1>PrepareForBuild:
         Создание каталога "x64\Release\Helloworld.tlog\".
       InitializeBuildStatus:
         Создание "x64\Release\Helloworld.tlog\unsuccessfulbuild", так как было задано "AlwaysCreate".
         Обращение к "x64\Release\Helloworld.tlog\unsuccessfulbuild".
       ClCompile:
         C:\Program Files\Microsoft Visual Studio\2022\Community\VC\Tools\MSVC\14.37.32822\bin\HostX64\x64\CL.exe /c /Zi /nologo /W3 /WX- /diagnostics:column /sdl /O2 /Oi /GL /D NDEBUG /D _CONSOLE /D _UNICODE /D UNICODE /Gm- /EHsc /MD /GS /Gy /fp:precise /Zc:wchar_t /Zc:forScope /Zc:inline /permissive- /Fo"x64\Release\\" /Fd"x64\Release\vc143.pdb" /external:W3 /Gd /TP /FC /errorReport:prompt hello.cpp
         hello.cpp
       Link:
         C:\Program Files\Microsoft Visual Studio\2022\Community\VC\Tools\MSVC\14.37.32822\bin\HostX64\x64\link.exe /ERRORREPORT:PROMPT /OUT:"C:\лабы\Наркевич\1\Helloworld\x64\Release\Helloworld.exe" /NOLOGO kernel32.lib user32.lib gdi32.lib winspool.lib comdlg32.lib advapi32.lib shell32.lib ole32.lib oleaut32.lib uuid.lib odbc32.lib odbccp32.lib /MANIFEST /MANIFESTUAC:"level='asInvoker' uiAccess='false'" /manifest:embed /DEBUG /PDB:"C:\лабы\Наркевич\1\Helloworld\x64\Release\Helloworld.pdb" /SUBSYSTEM:CONSOLE /OPT:REF /OPT:ICF /LTCG:incremental /LTCGOUT:"x64\Release\Helloworld.iobj" /TLBID:1 /DYNAMICBASE /NXCOMPAT /IMPLIB:"C:\лабы\Наркевич\1\Helloworld\x64\Release\Helloworld.lib" /MACHINE:X64 x64\Release\hello.obj
         Создание кода
         Previous IPDB not found, fall back to full compilation.
         All 11 functions were compiled because no usable IPDB/IOBJ from previous compilation was found.
         Создание кода завершено
         Helloworld.vcxproj -> C:\лабы\Наркевич\1\Helloworld\x64\Release\Helloworld.exe
       FinalizeBuildStatus:
         Файл "x64\Release\Helloworld.tlog\unsuccessfulbuild" удаляется.
         Обращение к "x64\Release\Helloworld.tlog\Helloworld.lastbuildstate".
     1>Сборка проекта "C:\лабы\Наркевич\1\Helloworld\Helloworld\Helloworld.vcxproj" завершена (целевые объекты Rebuild).

Сборка успешно завершена.
    Предупреждений: 0
    Ошибок: 0

Прошло времени 00:00:01.70
