Сборка начата 27.12.2023 22:05:45.
Уровень детализации журнала: Normal.     1>Проект "C:\snake\SFML1\SFML1.vcxproj" в узле 2 (целевые объекты Build).
     1>PrepareForBuild:
         Структурированный вывод включен. Форматирование диагностики компилятора будет отражать иерархию ошибок. Подробнее см. https://aka.ms/cpp/structured-output.
       InitializeBuildStatus:
         Создание "x64\Debug\SFML1.tlog\unsuccessfulbuild", так как было задано "AlwaysCreate".
         Обращение к "x64\Debug\SFML1.tlog\unsuccessfulbuild".
       ClCompile:
         C:\Program Files\Microsoft Visual Studio\2022\Community\VC\Tools\MSVC\14.38.33130\bin\HostX64\x64\CL.exe /c /I"E:\уник\ОПИ\dwqdwq\SFML-2.6.1\include" /ZI /JMC /nologo /W3 /WX- /diagnostics:column /sdl /Od /D _DEBUG /D _CONSOLE /D _UNICODE /D UNICODE /Gm- /EHsc /RTC1 /MDd /GS /fp:precise /Zc:wchar_t /Zc:forScope /Zc:inline /permissive- /Fo"x64\Debug\\" /Fd"x64\Debug\vc143.pdb" /external:W3 /Gd /TP /FC /errorReport:prompt source.cpp
         source.cpp
     1>C:\snake\SFML1\source.cpp(92,33): warning C4305: аргумент: усечение из "double" в "float"
     1>C:\snake\SFML1\source.cpp(92,28): warning C4305: аргумент: усечение из "double" в "float"
     1>C:\snake\SFML1\source.cpp(98,26): warning C4305: инициализация: усечение из "double" в "float"
     1>C:\snake\SFML1\source.cpp(122,41): warning C4244: аргумент: преобразование "int" в "float", возможна потеря данных
     1>C:\snake\SFML1\source.cpp(122,29): warning C4244: аргумент: преобразование "int" в "float", возможна потеря данных
     1>C:\snake\SFML1\source.cpp(126,48): warning C4244: аргумент: преобразование "int" в "float", возможна потеря данных
     1>C:\snake\SFML1\source.cpp(126,31): warning C4244: аргумент: преобразование "int" в "float", возможна потеря данных
     1>C:\snake\SFML1\source.cpp(134,51): warning C4244: аргумент: преобразование "int" в "float", возможна потеря данных
     1>C:\snake\SFML1\source.cpp(134,33): warning C4244: аргумент: преобразование "int" в "float", возможна потеря данных
     1>C:\snake\SFML1\source.cpp(139,48): warning C4244: аргумент: преобразование "int" в "float", возможна потеря данных
       Link:
         C:\Program Files\Microsoft Visual Studio\2022\Community\VC\Tools\MSVC\14.38.33130\bin\HostX64\x64\link.exe /ERRORREPORT:PROMPT /OUT:"C:\snake\SFML1\x64\Debug\SFML1.exe" /INCREMENTAL /ILK:"x64\Debug\SFML1.ilk" /NOLOGO /LIBPATH:"E:\уник\ОПИ\dwqdwq\SFML-2.6.1\lib" "sfml-graphics-d.lib" "sfml-window-d.lib" "sfml-audio-d.lib" "sfml-system-d.lib" kernel32.lib user32.lib gdi32.lib winspool.lib comdlg32.lib advapi32.lib shell32.lib ole32.lib oleaut32.lib uuid.lib odbc32.lib odbccp32.lib /MANIFEST /MANIFESTUAC:"level='asInvoker' uiAccess='false'" /manifest:embed /DEBUG /PDB:"C:\snake\SFML1\x64\Debug\SFML1.pdb" /SUBSYSTEM:CONSOLE /TLBID:1 /ENTRY:"mainCRTStartup" /DYNAMICBASE /NXCOMPAT /IMPLIB:"C:\snake\SFML1\x64\Debug\SFML1.lib" /MACHINE:X64 x64\Debug\main.obj
         x64\Debug\source.obj
         SFML1.vcxproj -> C:\snake\SFML1\x64\Debug\SFML1.exe
       FinalizeBuildStatus:
         Файл "x64\Debug\SFML1.tlog\unsuccessfulbuild" удаляется.
         Обращение к "x64\Debug\SFML1.tlog\SFML1.lastbuildstate".
     1>Сборка проекта "C:\snake\SFML1\SFML1.vcxproj" завершена (целевые объекты Build).

Сборка успешно завершена.

       "C:\snake\SFML1\SFML1.vcxproj" (целевой объект Build ) (1) ->
       (Целевой объект ClCompile) -> 
         C:\snake\SFML1\source.cpp(92,33): warning C4305: аргумент: усечение из "double" в "float"
         C:\snake\SFML1\source.cpp(92,28): warning C4305: аргумент: усечение из "double" в "float"
         C:\snake\SFML1\source.cpp(98,26): warning C4305: инициализация: усечение из "double" в "float"
         C:\snake\SFML1\source.cpp(122,41): warning C4244: аргумент: преобразование "int" в "float", возможна потеря данных
         C:\snake\SFML1\source.cpp(122,29): warning C4244: аргумент: преобразование "int" в "float", возможна потеря данных
         C:\snake\SFML1\source.cpp(126,48): warning C4244: аргумент: преобразование "int" в "float", возможна потеря данных
         C:\snake\SFML1\source.cpp(126,31): warning C4244: аргумент: преобразование "int" в "float", возможна потеря данных
         C:\snake\SFML1\source.cpp(134,51): warning C4244: аргумент: преобразование "int" в "float", возможна потеря данных
         C:\snake\SFML1\source.cpp(134,33): warning C4244: аргумент: преобразование "int" в "float", возможна потеря данных
         C:\snake\SFML1\source.cpp(139,48): warning C4244: аргумент: преобразование "int" в "float", возможна потеря данных

    Предупреждений: 10
    Ошибок: 0

Прошло времени 00:00:00.71
