Сборка начата 29.11.2023 01:16:30.
Уровень детализации журнала: Normal.     1>Проект "C:\лабы\Наркевич\6\lab_06\lab_06.vcxproj" в узле 2 (целевые объекты Build).
     1>InitializeBuildStatus:
         Создание "x64\Debug\lab_06.tlog\unsuccessfulbuild", так как было задано "AlwaysCreate".
         Обращение к "x64\Debug\lab_06.tlog\unsuccessfulbuild".
       ClCompile:
         C:\Program Files\Microsoft Visual Studio\2022\Community\VC\Tools\MSVC\14.37.32822\bin\HostX64\x64\CL.exe /c /ZI /JMC /nologo /W3 /WX- /diagnostics:column /sdl /Od /D _DEBUG /D _CONSOLE /D _UNICODE /D UNICODE /Gm- /EHsc /RTC1 /MDd /GS /fp:precise /Zc:wchar_t /Zc:forScope /Zc:inline /permissive- /Fo"x64\Debug\\" /Fd"x64\Debug\vc143.pdb" /external:W3 /Gd /TP /FC /errorReport:prompt symbol.cpp
         symbol.cpp
       Link:
         C:\Program Files\Microsoft Visual Studio\2022\Community\VC\Tools\MSVC\14.37.32822\bin\HostX64\x64\link.exe /ERRORREPORT:PROMPT /OUT:"C:\лабы\Наркевич\6\lab_06\x64\Debug\lab_06.exe" /INCREMENTAL /ILK:"x64\Debug\lab_06.ilk" /NOLOGO kernel32.lib user32.lib gdi32.lib winspool.lib comdlg32.lib advapi32.lib shell32.lib ole32.lib oleaut32.lib uuid.lib odbc32.lib odbccp32.lib /MANIFEST /MANIFESTUAC:"level='asInvoker' uiAccess='false'" /manifest:embed /DEBUG /PDB:"C:\лабы\Наркевич\6\lab_06\x64\Debug\lab_06.pdb" /SUBSYSTEM:CONSOLE /TLBID:1 /DYNAMICBASE /NXCOMPAT /IMPLIB:"C:\лабы\Наркевич\6\lab_06\x64\Debug\lab_06.lib" /MACHINE:X64 x64\Debug\case1.obj
         x64\Debug\case2.obj
         x64\Debug\case3.obj
         x64\Debug\case4.obj
         x64\Debug\osn.obj
         x64\Debug\symbol.obj
         lab_06.vcxproj -> C:\лабы\Наркевич\6\lab_06\x64\Debug\lab_06.exe
       FinalizeBuildStatus:
         Файл "x64\Debug\lab_06.tlog\unsuccessfulbuild" удаляется.
         Обращение к "x64\Debug\lab_06.tlog\lab_06.lastbuildstate".
     1>Сборка проекта "C:\лабы\Наркевич\6\lab_06\lab_06.vcxproj" завершена (целевые объекты Build).

Сборка успешно завершена.
    Предупреждений: 0
    Ошибок: 0

Прошло времени 00:00:00.80
