c:\лабы\наркевич\1\helloworld\helloworld\x64\debug\vc143.pdb
c:\лабы\наркевич\1\helloworld\helloworld\x64\debug\vc143.idb
c:\лабы\наркевич\1\helloworld\helloworld\x64\debug\helloworld.obj
c:\лабы\наркевич\1\helloworld\helloworld\x64\debug\hello.obj
c:\лабы\наркевич\1\helloworld\x64\debug\helloworld.exe
c:\лабы\наркевич\1\helloworld\helloworld\x64\debug\helloworld.ilk
c:\лабы\наркевич\1\helloworld\x64\debug\helloworld.pdb
c:\лабы\наркевич\2\helloworld\helloworld\x64\debug\hello.obj
c:\лабы\наркевич\2\helloworld\helloworld\x64\debug\helloworld.obj
c:\лабы\наркевич\2\helloworld\helloworld\x64\debug\helloworld.ilk
c:\лабы\наркевич\2\helloworld\helloworld\x64\debug\vc143.idb
c:\лабы\наркевич\2\helloworld\helloworld\x64\debug\vc143.pdb
c:\лабы\наркевич\2\helloworld\x64\debug\helloworld.pdb
c:\лабы\наркевич\2\helloworld\x64\debug\helloworld.exe
c:\лабы\наркевич\2\helloworld\helloworld\x64\debug\helloworld.tlog\cl.command.1.tlog
c:\лабы\наркевич\2\helloworld\helloworld\x64\debug\helloworld.tlog\cl.items.tlog
c:\лабы\наркевич\2\helloworld\helloworld\x64\debug\helloworld.tlog\cl.read.1.tlog
c:\лабы\наркевич\2\helloworld\helloworld\x64\debug\helloworld.tlog\cl.write.1.tlog
c:\лабы\наркевич\2\helloworld\helloworld\x64\debug\helloworld.tlog\link.command.1.tlog
c:\лабы\наркевич\2\helloworld\helloworld\x64\debug\helloworld.tlog\link.read.1.tlog
c:\лабы\наркевич\2\helloworld\helloworld\x64\debug\helloworld.tlog\link.write.1.tlog
