Сборка начата 19.12.2023 12:12:57.
Уровень детализации журнала: Normal.     1>Проект "C:\лабы\Наркевич\5\Labb_05\Labb_05.vcxproj" в узле 2 (целевые объекты Build).
     1>InitializeBuildStatus:
         Создание "x64\Debug\Lab_05_5.tlog\unsuccessfulbuild", так как было задано "AlwaysCreate".
         Обращение к "x64\Debug\Lab_05_5.tlog\unsuccessfulbuild".
       ClCompile:
         C:\Program Files\Microsoft Visual Studio\2022\Community\VC\Tools\MSVC\14.37.32822\bin\HostX64\x64\CL.exe /c /ZI /JMC /nologo /W3 /WX- /diagnostics:column /sdl /Od /D _DEBUG /D _CONSOLE /D _UNICODE /D UNICODE /Gm- /EHsc /RTC1 /MDd /GS /fp:precise /Zc:wchar_t /Zc:forScope /Zc:inline /permissive- /Fo"x64\Debug\\" /Fd"x64\Debug\vc143.pdb" /external:W3 /Gd /TP /FC /errorReport:prompt lab_05_5.cpp
         lab_05_5.cpp
     1>C:\лабы\Наркевич\5\Labb_05\lab_05_5.cpp(4,1): warning C4067: непредвиденные лексемы за директивой препроцессора, требуется newline
     1>C:\лабы\Наркевич\5\Labb_05\lab_05_5.cpp(5,1): warning C4067: непредвиденные лексемы за директивой препроцессора, требуется newline
       Link:
         C:\Program Files\Microsoft Visual Studio\2022\Community\VC\Tools\MSVC\14.37.32822\bin\HostX64\x64\link.exe /ERRORREPORT:PROMPT /OUT:"C:\лабы\Наркевич\5\Labb_05\x64\Debug\Lab_05_5.exe" /INCREMENTAL /ILK:"x64\Debug\Lab_05_5.ilk" /NOLOGO kernel32.lib user32.lib gdi32.lib winspool.lib comdlg32.lib advapi32.lib shell32.lib ole32.lib oleaut32.lib uuid.lib odbc32.lib odbccp32.lib /MANIFEST /MANIFESTUAC:"level='asInvoker' uiAccess='false'" /manifest:embed /DEBUG /PDB:"C:\лабы\Наркевич\5\Labb_05\x64\Debug\Lab_05_5.pdb" /SUBSYSTEM:CONSOLE /TLBID:1 /DYNAMICBASE /NXCOMPAT /IMPLIB:"C:\лабы\Наркевич\5\Labb_05\x64\Debug\Lab_05_5.lib" /MACHINE:X64 x64\Debug\lab_05_5.obj
         Labb_05.vcxproj -> C:\лабы\Наркевич\5\Labb_05\x64\Debug\Lab_05_5.exe
       FinalizeBuildStatus:
         Файл "x64\Debug\Lab_05_5.tlog\unsuccessfulbuild" удаляется.
         Обращение к "x64\Debug\Lab_05_5.tlog\Lab_05_5.lastbuildstate".
     1>Сборка проекта "C:\лабы\Наркевич\5\Labb_05\Labb_05.vcxproj" завершена (целевые объекты Build).

Сборка успешно завершена.

       "C:\лабы\Наркевич\5\Labb_05\Labb_05.vcxproj" (целевой объект Build ) (1) ->
       (Целевой объект ClCompile) -> 
         C:\лабы\Наркевич\5\Labb_05\lab_05_5.cpp(4,1): warning C4067: непредвиденные лексемы за директивой препроцессора, требуется newline
         C:\лабы\Наркевич\5\Labb_05\lab_05_5.cpp(5,1): warning C4067: непредвиденные лексемы за директивой препроцессора, требуется newline

    Предупреждений: 2
    Ошибок: 0

Прошло времени 00:00:02.89
