Сборка начата 20.12.2023 17:14:45.
Уровень детализации журнала: Normal.     1>Проект "C:\лабы\Наркевич\8\lab_08\lab_08.vcxproj" в узле 2 (целевые объекты Build).
     1>InitializeBuildStatus:
         Создание "Debug\lab_08.tlog\unsuccessfulbuild", так как было задано "AlwaysCreate".
         Обращение к "Debug\lab_08.tlog\unsuccessfulbuild".
       ClCompile:
         C:\Program Files\Microsoft Visual Studio\2022\Community\VC\Tools\MSVC\14.37.32822\bin\HostX86\x86\CL.exe /c /ZI /JMC /nologo /W3 /WX- /diagnostics:column /sdl /Od /Oy- /D WIN32 /D _DEBUG /D _CONSOLE /D _UNICODE /D UNICODE /Gm- /EHsc /RTC1 /MDd /GS /fp:precise /Zc:wchar_t /Zc:forScope /Zc:inline /permissive- /Fo"Debug\\" /Fd"Debug\vc143.pdb" /external:W3 /Gd /TP /analyze- /FC /errorReport:prompt lab_08.cpp
         lab_08.cpp
       Link:
         C:\Program Files\Microsoft Visual Studio\2022\Community\VC\Tools\MSVC\14.37.32822\bin\HostX86\x86\link.exe /ERRORREPORT:PROMPT /OUT:"C:\лабы\Наркевич\8\lab_08\Debug\lab_08.exe" /INCREMENTAL /ILK:"Debug\lab_08.ilk" /NOLOGO kernel32.lib user32.lib gdi32.lib winspool.lib comdlg32.lib advapi32.lib shell32.lib ole32.lib oleaut32.lib uuid.lib odbc32.lib odbccp32.lib /MANIFEST /MANIFESTUAC:"level='asInvoker' uiAccess='false'" /manifest:embed /DEBUG /PDB:"C:\лабы\Наркевич\8\lab_08\Debug\lab_08.pdb" /SUBSYSTEM:CONSOLE /TLBID:1 /DYNAMICBASE /NXCOMPAT /IMPLIB:"C:\лабы\Наркевич\8\lab_08\Debug\lab_08.lib" /MACHINE:X86 Debug\file_mul.obj
         Debug\file_sum.obj
         Debug\lab_08.obj
         lab_08.vcxproj -> C:\лабы\Наркевич\8\lab_08\Debug\lab_08.exe
       FinalizeBuildStatus:
         Файл "Debug\lab_08.tlog\unsuccessfulbuild" удаляется.
         Обращение к "Debug\lab_08.tlog\lab_08.lastbuildstate".
     1>Сборка проекта "C:\лабы\Наркевич\8\lab_08\lab_08.vcxproj" завершена (целевые объекты Build).

Сборка успешно завершена.
    Предупреждений: 0
    Ошибок: 0

Прошло времени 00:00:02.23
